# JRE version: Java(TM) SE Runtime Environment (8.0_201-b09) (build 1.8.0_201-b09)
# Java VM: Java HotSpot(TM) 64-Bit Server VM (25.201-b09 mixed mode windows-amd64 compressed oops)
Heap:
 PSYoungGen      total 455168K, used 323788K [0x00000000d5f00000, 0x00000000f3300000, 0x0000000100000000)
  eden space 438784K, 70% used [0x00000000d5f00000,0x00000000e8b370d0,0x00000000f0b80000)
  from space 16384K, 99% used [0x00000000f2300000,0x00000000f32fc060,0x00000000f3300000)
  to   space 19968K, 0% used [0x00000000f0c00000,0x00000000f0c00000,0x00000000f1f80000)
 ParOldGen       total 115712K, used 48092K [0x0000000081c00000, 0x0000000088d00000, 0x00000000d5f00000)
  object space 115712K, 41% used [0x0000000081c00000,0x0000000084af7210,0x0000000088d00000)
 Metaspace       used 77798K, capacity 81960K, committed 82136K, reserved 1120256K
  class space    used 10767K, capacity 11476K, committed 11520K, reserved 1048576K
GC Heap History (10 events):
Event: 37.185 GC heap before
{Heap before GC invocations=15 (full 2):
 PSYoungGen      total 284160K, used 283973K [0x00000000d5f00000, 0x00000000e8500000, 0x0000000100000000)
  eden space 273408K, 100% used [0x00000000d5f00000,0x00000000e6a00000,0x00000000e6a00000)
  from space 10752K, 98% used [0x00000000e7a80000,0x00000000e84d16d8,0x00000000e8500000)
  to   space 13312K, 0% used [0x00000000e6b00000,0x00000000e6b00000,0x00000000e7800000)
 ParOldGen       total 70144K, used 24866K [0x0000000081c00000, 0x0000000086080000, 0x00000000d5f00000)
  object space 70144K, 35% used [0x0000000081c00000,0x0000000083448b60,0x0000000086080000)
 Metaspace       used 49289K, capacity 51792K, committed 51968K, reserved 1093632K
  class space    used 6622K, capacity 7087K, committed 7168K, reserved 1048576K
Event: 37.204 GC heap after
Heap after GC invocations=15 (full 2):
 PSYoungGen      total 287744K, used 11311K [0x00000000d5f00000, 0x00000000edb80000, 0x0000000100000000)
  eden space 274432K, 0% used [0x00000000d5f00000,0x00000000d5f00000,0x00000000e6b00000)
  from space 13312K, 84% used [0x00000000e6b00000,0x00000000e760bf38,0x00000000e7800000)
  to   space 14336K, 0% used [0x00000000ecd80000,0x00000000ecd80000,0x00000000edb80000)
 ParOldGen       total 70144K, used 32397K [0x0000000081c00000, 0x0000000086080000, 0x00000000d5f00000)
  object space 70144K, 46% used [0x0000000081c00000,0x0000000083ba3508,0x0000000086080000)
 Metaspace       used 49289K, capacity 51792K, committed 51968K, reserved 1093632K
  class space    used 6622K, capacity 7087K, committed 7168K, reserved 1048576K
}
Event: 38.486 GC heap before
{Heap before GC invocations=16 (full 2):
 PSYoungGen      total 287744K, used 129059K [0x00000000d5f00000, 0x00000000edb80000, 0x0000000100000000)
  eden space 274432K, 42% used [0x00000000d5f00000,0x00000000dd1fd010,0x00000000e6b00000)
  from space 13312K, 84% used [0x00000000e6b00000,0x00000000e760bf38,0x00000000e7800000)
  to   space 14336K, 0% used [0x00000000ecd80000,0x00000000ecd80000,0x00000000edb80000)
 ParOldGen       total 70144K, used 32397K [0x0000000081c00000, 0x0000000086080000, 0x00000000d5f00000)
  object space 70144K, 46% used [0x0000000081c00000,0x0000000083ba3508,0x0000000086080000)
 Metaspace       used 56455K, capacity 58964K, committed 59096K, reserved 1099776K
  class space    used 7667K, capacity 8107K, committed 8192K, reserved 1048576K
Event: 38.502 GC heap after
Heap after GC invocations=16 (full 2):
 PSYoungGen      total 374784K, used 10795K [0x00000000d5f00000, 0x00000000edc80000, 0x0000000100000000)
  eden space 360448K, 0% used [0x00000000d5f00000,0x00000000d5f00000,0x00000000ebf00000)
  from space 14336K, 75% used [0x00000000ecd80000,0x00000000ed80af68,0x00000000edb80000)
  to   space 14848K, 0% used [0x00000000ebf00000,0x00000000ebf00000,0x00000000ecd80000)
 ParOldGen       total 70144K, used 39361K [0x0000000081c00000, 0x0000000086080000, 0x00000000d5f00000)
  object space 70144K, 56% used [0x0000000081c00000,0x0000000084270538,0x0000000086080000)
 Metaspace       used 56455K, capacity 58964K, committed 59096K, reserved 1099776K
  class space    used 7667K, capacity 8107K, committed 8192K, reserved 1048576K
}
Event: 38.502 GC heap before
{Heap before GC invocations=17 (full 3):
 PSYoungGen      total 374784K, used 10795K [0x00000000d5f00000, 0x00000000edc80000, 0x0000000100000000)
  eden space 360448K, 0% used [0x00000000d5f00000,0x00000000d5f00000,0x00000000ebf00000)
  from space 14336K, 75% used [0x00000000ecd80000,0x00000000ed80af68,0x00000000edb80000)
  to   space 14848K, 0% used [0x00000000ebf00000,0x00000000ebf00000,0x00000000ecd80000)
 ParOldGen       total 70144K, used 39361K [0x0000000081c00000, 0x0000000086080000, 0x00000000d5f00000)
  object space 70144K, 56% used [0x0000000081c00000,0x0000000084270538,0x0000000086080000)
 Metaspace       used 56455K, capacity 58964K, committed 59096K, reserved 1099776K
  class space    used 7667K, capacity 8107K, committed 8192K, reserved 1048576K
Event: 38.757 GC heap after
Heap after GC invocations=17 (full 3):
 PSYoungGen      total 374784K, used 0K [0x00000000d5f00000, 0x00000000edc80000, 0x0000000100000000)
  eden space 360448K, 0% used [0x00000000d5f00000,0x00000000d5f00000,0x00000000ebf00000)
  from space 14336K, 0% used [0x00000000ecd80000,0x00000000ecd80000,0x00000000edb80000)
  to   space 14848K, 0% used [0x00000000ebf00000,0x00000000ebf00000,0x00000000ecd80000)
 ParOldGen       total 115712K, used 44349K [0x0000000081c00000, 0x0000000088d00000, 0x00000000d5f00000)
  object space 115712K, 38% used [0x0000000081c00000,0x000000008474f4a8,0x0000000088d00000)
 Metaspace       used 56455K, capacity 58964K, committed 59096K, reserved 1099776K
  class space    used 7667K, capacity 8107K, committed 8192K, reserved 1048576K
}
Event: 41.634 GC heap before
{Heap before GC invocations=18 (full 3):
 PSYoungGen      total 374784K, used 360448K [0x00000000d5f00000, 0x00000000edc80000, 0x0000000100000000)
  eden space 360448K, 100% used [0x00000000d5f00000,0x00000000ebf00000,0x00000000ebf00000)
  from space 14336K, 0% used [0x00000000ecd80000,0x00000000ecd80000,0x00000000edb80000)
  to   space 14848K, 0% used [0x00000000ebf00000,0x00000000ebf00000,0x00000000ecd80000)
 ParOldGen       total 115712K, used 44349K [0x0000000081c00000, 0x0000000088d00000, 0x00000000d5f00000)
  object space 115712K, 38% used [0x0000000081c00000,0x000000008474f4a8,0x0000000088d00000)
 Metaspace       used 63497K, capacity 66676K, committed 66904K, reserved 1107968K
  class space    used 8703K, capacity 9261K, committed 9344K, reserved 1048576K
Event: 41.657 GC heap after
Heap after GC invocations=18 (full 3):
 PSYoungGen      total 375296K, used 14062K [0x00000000d5f00000, 0x00000000f3300000, 0x0000000100000000)
  eden space 360448K, 0% used [0x00000000d5f00000,0x00000000d5f00000,0x00000000ebf00000)
  from space 14848K, 94% used [0x00000000ebf00000,0x00000000eccbb9a8,0x00000000ecd80000)
  to   space 16384K, 0% used [0x00000000f2300000,0x00000000f2300000,0x00000000f3300000)
 ParOldGen       total 115712K, used 44357K [0x0000000081c00000, 0x0000000088d00000, 0x00000000d5f00000)
  object space 115712K, 38% used [0x0000000081c00000,0x00000000847514a8,0x0000000088d00000)
 Metaspace       used 63497K, capacity 66676K, committed 66904K, reserved 1107968K
  class space    used 8703K, capacity 9261K, committed 9344K, reserved 1048576K
}
Event: 46.088 GC heap before
{Heap before GC invocations=19 (full 3):
 PSYoungGen      total 375296K, used 374510K [0x00000000d5f00000, 0x00000000f3300000, 0x0000000100000000)
  eden space 360448K, 100% used [0x00000000d5f00000,0x00000000ebf00000,0x00000000ebf00000)
  from space 14848K, 94% used [0x00000000ebf00000,0x00000000eccbb9a8,0x00000000ecd80000)
  to   space 16384K, 0% used [0x00000000f2300000,0x00000000f2300000,0x00000000f3300000)
 ParOldGen       total 115712K, used 44357K [0x0000000081c00000, 0x0000000088d00000, 0x00000000d5f00000)
  object space 115712K, 38% used [0x0000000081c00000,0x00000000847514a8,0x0000000088d00000)
 Metaspace       used 69499K, capacity 73220K, committed 73432K, reserved 1112064K
  class space    used 9579K, capacity 10196K, committed 10240K, reserved 1048576K
Event: 46.111 GC heap after
Heap after GC invocations=19 (full 3):
 PSYoungGen      total 455168K, used 16368K [0x00000000d5f00000, 0x00000000f3300000, 0x0000000100000000)
  eden space 438784K, 0% used [0x00000000d5f00000,0x00000000d5f00000,0x00000000f0b80000)
  from space 16384K, 99% used [0x00000000f2300000,0x00000000f32fc060,0x00000000f3300000)
  to   space 19968K, 0% used [0x00000000f0c00000,0x00000000f0c00000,0x00000000f1f80000)
 ParOldGen       total 115712K, used 48092K [0x0000000081c00000, 0x0000000088d00000, 0x00000000d5f00000)
  object space 115712K, 41% used [0x0000000081c00000,0x0000000084af7210,0x0000000088d00000)
 Metaspace       used 69499K, capacity 73220K, committed 73432K, reserved 1112064K
  class space    used 9579K, capacity 10196K, committed 10240K, reserved 1048576K
}

