Heap:
 PSYoungGen      total 114176K, used 10459K [0x00000000d5f00000, 0x00000000dd980000, 0x0000000100000000)
  eden space 102912K, 4% used [0x00000000d5f00000,0x00000000d633b470,0x00000000dc380000)
  from space 11264K, 54% used [0x00000000dc380000,0x00000000dc97b9e8,0x00000000dce80000)
  to   space 9728K, 0% used [0x00000000dd000000,0x00000000dd000000,0x00000000dd980000)
 ParOldGen       total 50176K, used 36830K [0x0000000081c00000, 0x0000000084d00000, 0x00000000d5f00000)
  object space 50176K, 73% used [0x0000000081c00000,0x0000000083ff7af8,0x0000000084d00000)
 Metaspace       used 51026K, capacity 53562K, committed 53760K, reserved 1097728K
  class space    used 6921K, capacity 7392K, committed 7424K, reserved 1048576K
GC Heap History (10 events):
Event: 13.125 GC heap before
{Heap before GC invocations=17 (full 2):
 PSYoungGen      total 89088K, used 82905K [0x00000000d5f00000, 0x00000000dc280000, 0x0000000100000000)
  eden space 79360K, 99% used [0x00000000d5f00000,0x00000000dac7ded8,0x00000000dac80000)
  from space 9728K, 36% used [0x00000000db900000,0x00000000dbc786b8,0x00000000dc280000)
  to   space 11264K, 0% used [0x00000000dac80000,0x00000000dac80000,0x00000000db780000)
 ParOldGen       total 50176K, used 21365K [0x0000000081c00000, 0x0000000084d00000, 0x00000000d5f00000)
  object space 50176K, 42% used [0x0000000081c00000,0x00000000830dd518,0x0000000084d00000)
 Metaspace       used 41223K, capacity 43168K, committed 43392K, reserved 1087488K
  class space    used 5626K, capacity 5975K, committed 6016K, reserved 1048576K
Event: 13.135 GC heap after
Heap after GC invocations=17 (full 2):
 PSYoungGen      total 90624K, used 7074K [0x00000000d5f00000, 0x00000000ddb00000, 0x0000000100000000)
  eden space 79360K, 0% used [0x00000000d5f00000,0x00000000d5f00000,0x00000000dac80000)
  from space 11264K, 62% used [0x00000000dac80000,0x00000000db3689a8,0x00000000db780000)
  to   space 11264K, 0% used [0x00000000dd000000,0x00000000dd000000,0x00000000ddb00000)
 ParOldGen       total 50176K, used 23245K [0x0000000081c00000, 0x0000000084d00000, 0x00000000d5f00000)
  object space 50176K, 46% used [0x0000000081c00000,0x00000000832b3578,0x0000000084d00000)
 Metaspace       used 41223K, capacity 43168K, committed 43392K, reserved 1087488K
  class space    used 5626K, capacity 5975K, committed 6016K, reserved 1048576K
}
Event: 14.225 GC heap before
{Heap before GC invocations=18 (full 2):
 PSYoungGen      total 90624K, used 86434K [0x00000000d5f00000, 0x00000000ddb00000, 0x0000000100000000)
  eden space 79360K, 100% used [0x00000000d5f00000,0x00000000dac80000,0x00000000dac80000)
  from space 11264K, 62% used [0x00000000dac80000,0x00000000db3689a8,0x00000000db780000)
  to   space 11264K, 0% used [0x00000000dd000000,0x00000000dd000000,0x00000000ddb00000)
 ParOldGen       total 50176K, used 23245K [0x0000000081c00000, 0x0000000084d00000, 0x00000000d5f00000)
  object space 50176K, 46% used [0x0000000081c00000,0x00000000832b3578,0x0000000084d00000)
 Metaspace       used 42617K, capacity 44752K, committed 44928K, reserved 1087488K
  class space    used 5851K, capacity 6259K, committed 6272K, reserved 1048576K
Event: 14.233 GC heap after
Heap after GC invocations=18 (full 2):
 PSYoungGen      total 112640K, used 3170K [0x00000000d5f00000, 0x00000000dd980000, 0x0000000100000000)
  eden space 102912K, 0% used [0x00000000d5f00000,0x00000000d5f00000,0x00000000dc380000)
  from space 9728K, 32% used [0x00000000dd000000,0x00000000dd318bd0,0x00000000dd980000)
  to   space 11264K, 0% used [0x00000000dc380000,0x00000000dc380000,0x00000000dce80000)
 ParOldGen       total 50176K, used 28636K [0x0000000081c00000, 0x0000000084d00000, 0x00000000d5f00000)
  object space 50176K, 57% used [0x0000000081c00000,0x00000000837f7320,0x0000000084d00000)
 Metaspace       used 42617K, capacity 44752K, committed 44928K, reserved 1087488K
  class space    used 5851K, capacity 6259K, committed 6272K, reserved 1048576K
}
Event: 16.578 GC heap before
{Heap before GC invocations=19 (full 2):
 PSYoungGen      total 112640K, used 106082K [0x00000000d5f00000, 0x00000000dd980000, 0x0000000100000000)
  eden space 102912K, 100% used [0x00000000d5f00000,0x00000000dc380000,0x00000000dc380000)
  from space 9728K, 32% used [0x00000000dd000000,0x00000000dd318bd0,0x00000000dd980000)
  to   space 11264K, 0% used [0x00000000dc380000,0x00000000dc380000,0x00000000dce80000)
 ParOldGen       total 50176K, used 28636K [0x0000000081c00000, 0x0000000084d00000, 0x00000000d5f00000)
  object space 50176K, 57% used [0x0000000081c00000,0x00000000837f7320,0x0000000084d00000)
 Metaspace       used 45870K, capacity 48326K, committed 48512K, reserved 1091584K
  class space    used 6288K, capacity 6730K, committed 6784K, reserved 1048576K
Event: 16.588 GC heap after
Heap after GC invocations=19 (full 2):
 PSYoungGen      total 114176K, used 4975K [0x00000000d5f00000, 0x00000000dd980000, 0x0000000100000000)
  eden space 102912K, 0% used [0x00000000d5f00000,0x00000000d5f00000,0x00000000dc380000)
  from space 11264K, 44% used [0x00000000dc380000,0x00000000dc85bec0,0x00000000dce80000)
  to   space 9728K, 0% used [0x00000000dd000000,0x00000000dd000000,0x00000000dd980000)
 ParOldGen       total 50176K, used 30596K [0x0000000081c00000, 0x0000000084d00000, 0x00000000d5f00000)
  object space 50176K, 60% used [0x0000000081c00000,0x00000000839e1158,0x0000000084d00000)
 Metaspace       used 45870K, capacity 48326K, committed 48512K, reserved 1091584K
  class space    used 6288K, capacity 6730K, committed 6784K, reserved 1048576K
}
Event: 17.314 GC heap before
{Heap before GC invocations=20 (full 2):
 PSYoungGen      total 114176K, used 107887K [0x00000000d5f00000, 0x00000000dd980000, 0x0000000100000000)
  eden space 102912K, 100% used [0x00000000d5f00000,0x00000000dc380000,0x00000000dc380000)
  from space 11264K, 44% used [0x00000000dc380000,0x00000000dc85bec0,0x00000000dce80000)
  to   space 9728K, 0% used [0x00000000dd000000,0x00000000dd000000,0x00000000dd980000)
 ParOldGen       total 50176K, used 30596K [0x0000000081c00000, 0x0000000084d00000, 0x00000000d5f00000)
  object space 50176K, 60% used [0x0000000081c00000,0x00000000839e1158,0x0000000084d00000)
 Metaspace       used 46665K, capacity 49104K, committed 49408K, reserved 1091584K
  class space    used 6389K, capacity 6813K, committed 6912K, reserved 1048576K
Event: 17.336 GC heap after
Heap after GC invocations=20 (full 2):
 PSYoungGen      total 112640K, used 6711K [0x00000000d5f00000, 0x00000000dd980000, 0x0000000100000000)
  eden space 102912K, 0% used [0x00000000d5f00000,0x00000000d5f00000,0x00000000dc380000)
  from space 9728K, 68% used [0x00000000dd000000,0x00000000dd68dc80,0x00000000dd980000)
  to   space 11264K, 0% used [0x00000000dc380000,0x00000000dc380000,0x00000000dce80000)
 ParOldGen       total 50176K, used 30604K [0x0000000081c00000, 0x0000000084d00000, 0x00000000d5f00000)
  object space 50176K, 60% used [0x0000000081c00000,0x00000000839e3158,0x0000000084d00000)
 Metaspace       used 46665K, capacity 49104K, committed 49408K, reserved 1091584K
  class space    used 6389K, capacity 6813K, committed 6912K, reserved 1048576K
}
Event: 18.834 GC heap before
{Heap before GC invocations=21 (full 2):
 PSYoungGen      total 112640K, used 109623K [0x00000000d5f00000, 0x00000000dd980000, 0x0000000100000000)
  eden space 102912K, 100% used [0x00000000d5f00000,0x00000000dc380000,0x00000000dc380000)
  from space 9728K, 68% used [0x00000000dd000000,0x00000000dd68dc80,0x00000000dd980000)
  to   space 11264K, 0% used [0x00000000dc380000,0x00000000dc380000,0x00000000dce80000)
 ParOldGen       total 50176K, used 30604K [0x0000000081c00000, 0x0000000084d00000, 0x00000000d5f00000)
  object space 50176K, 60% used [0x0000000081c00000,0x00000000839e3158,0x0000000084d00000)
 Metaspace       used 50958K, capacity 53530K, committed 53760K, reserved 1097728K
  class space    used 6913K, capacity 7360K, committed 7424K, reserved 1048576K
Event: 18.850 GC heap after
Heap after GC invocations=21 (full 2):
 PSYoungGen      total 114176K, used 6126K [0x00000000d5f00000, 0x00000000dd980000, 0x0000000100000000)
  eden space 102912K, 0% used [0x00000000d5f00000,0x00000000d5f00000,0x00000000dc380000)
  from space 11264K, 54% used [0x00000000dc380000,0x00000000dc97b9e8,0x00000000dce80000)
  to   space 9728K, 0% used [0x00000000dd000000,0x00000000dd000000,0x00000000dd980000)
 ParOldGen       total 50176K, used 36830K [0x0000000081c00000, 0x0000000084d00000, 0x00000000d5f00000)
  object space 50176K, 73% used [0x0000000081c00000,0x0000000083ff7af8,0x0000000084d00000)
 Metaspace       used 50958K, capacity 53530K, committed 53760K, reserved 1097728K
  class space    used 6913K, capacity 7360K, committed 7424K, reserved 1048576K
}

