# JRE version: Java(TM) SE Runtime Environment (8.0_161-b12) (build 1.8.0_161-b12)
# Java VM: Java HotSpot(TM) 64-Bit Server VM (25.161-b12 mixed mode windows-amd64 compressed oops)
Heap:
 PSYoungGen      total 104960K, used 82451K [0x00000000d5f00000, 0x00000000dce00000, 0x0000000100000000)
  eden space 97280K, 81% used [0x00000000d5f00000,0x00000000dabf9c48,0x00000000dbe00000)
  from space 7680K, 47% used [0x00000000dc680000,0x00000000dca0b208,0x00000000dce00000)
  to   space 8192K, 0% used [0x00000000dbe00000,0x00000000dbe00000,0x00000000dc600000)
 ParOldGen       total 54272K, used 13587K [0x0000000081c00000, 0x0000000085100000, 0x00000000d5f00000)
  object space 54272K, 25% used [0x0000000081c00000,0x0000000082944ea8,0x0000000085100000)
 Metaspace       used 31824K, capacity 32254K, committed 32512K, reserved 1077248K
  class space    used 4176K, capacity 4268K, committed 4352K, reserved 1048576K
GC Heap History (10 events):
Event: 6.071 GC heap before
{Heap before GC invocations=9 (full 1):
 PSYoungGen      total 38400K, used 35877K [0x00000000d5f00000, 0x00000000da480000, 0x0000000100000000)
  eden space 33280K, 100% used [0x00000000d5f00000,0x00000000d7f80000,0x00000000d7f80000)
  from space 5120K, 50% used [0x00000000d7f80000,0x00000000d82096e0,0x00000000d8480000)
  to   space 8704K, 0% used [0x00000000d9c00000,0x00000000d9c00000,0x00000000da480000)
 ParOldGen       total 54272K, used 6618K [0x0000000081c00000, 0x0000000085100000, 0x00000000d5f00000)
  object space 54272K, 12% used [0x0000000081c00000,0x0000000082276b20,0x0000000085100000)
 Metaspace       used 23065K, capacity 23416K, committed 23680K, reserved 1069056K
  class space    used 2987K, capacity 3083K, committed 3200K, reserved 1048576K
Event: 6.077 GC heap after
Heap after GC invocations=9 (full 1):
 PSYoungGen      total 61952K, used 2630K [0x00000000d5f00000, 0x00000000da580000, 0x0000000100000000)
  eden space 53248K, 0% used [0x00000000d5f00000,0x00000000d5f00000,0x00000000d9300000)
  from space 8704K, 30% used [0x00000000d9c00000,0x00000000d9e91b48,0x00000000da480000)
  to   space 9216K, 0% used [0x00000000d9300000,0x00000000d9300000,0x00000000d9c00000)
 ParOldGen       total 54272K, used 6626K [0x0000000081c00000, 0x0000000085100000, 0x00000000d5f00000)
  object space 54272K, 12% used [0x0000000081c00000,0x0000000082278b20,0x0000000085100000)
 Metaspace       used 23065K, capacity 23416K, committed 23680K, reserved 1069056K
  class space    used 2987K, capacity 3083K, committed 3200K, reserved 1048576K
}
Event: 6.578 GC heap before
{Heap before GC invocations=10 (full 1):
 PSYoungGen      total 61952K, used 55878K [0x00000000d5f00000, 0x00000000da580000, 0x0000000100000000)
  eden space 53248K, 100% used [0x00000000d5f00000,0x00000000d9300000,0x00000000d9300000)
  from space 8704K, 30% used [0x00000000d9c00000,0x00000000d9e91b48,0x00000000da480000)
  to   space 9216K, 0% used [0x00000000d9300000,0x00000000d9300000,0x00000000d9c00000)
 ParOldGen       total 54272K, used 6626K [0x0000000081c00000, 0x0000000085100000, 0x00000000d5f00000)
  object space 54272K, 12% used [0x0000000081c00000,0x0000000082278b20,0x0000000085100000)
 Metaspace       used 23698K, capacity 24078K, committed 24192K, reserved 1071104K
  class space    used 3089K, capacity 3188K, committed 3200K, reserved 1048576K
Event: 6.584 GC heap after
Heap after GC invocations=10 (full 1):
 PSYoungGen      total 62464K, used 5036K [0x00000000d5f00000, 0x00000000db680000, 0x0000000100000000)
  eden space 53248K, 0% used [0x00000000d5f00000,0x00000000d5f00000,0x00000000d9300000)
  from space 9216K, 54% used [0x00000000d9300000,0x00000000d97eb0a8,0x00000000d9c00000)
  to   space 8704K, 0% used [0x00000000dae00000,0x00000000dae00000,0x00000000db680000)
 ParOldGen       total 54272K, used 6634K [0x0000000081c00000, 0x0000000085100000, 0x00000000d5f00000)
  object space 54272K, 12% used [0x0000000081c00000,0x000000008227ab20,0x0000000085100000)
 Metaspace       used 23698K, capacity 24078K, committed 24192K, reserved 1071104K
  class space    used 3089K, capacity 3188K, committed 3200K, reserved 1048576K
}
Event: 7.087 GC heap before
{Heap before GC invocations=11 (full 1):
 PSYoungGen      total 62464K, used 58284K [0x00000000d5f00000, 0x00000000db680000, 0x0000000100000000)
  eden space 53248K, 100% used [0x00000000d5f00000,0x00000000d9300000,0x00000000d9300000)
  from space 9216K, 54% used [0x00000000d9300000,0x00000000d97eb0a8,0x00000000d9c00000)
  to   space 8704K, 0% used [0x00000000dae00000,0x00000000dae00000,0x00000000db680000)
 ParOldGen       total 54272K, used 6634K [0x0000000081c00000, 0x0000000085100000, 0x00000000d5f00000)
  object space 54272K, 12% used [0x0000000081c00000,0x000000008227ab20,0x0000000085100000)
 Metaspace       used 24942K, capacity 25312K, committed 25472K, reserved 1071104K
  class space    used 3270K, capacity 3383K, committed 3456K, reserved 1048576K
Event: 7.093 GC heap after
Heap after GC invocations=11 (full 1):
 PSYoungGen      total 80896K, used 5231K [0x00000000d5f00000, 0x00000000db680000, 0x0000000100000000)
  eden space 72192K, 0% used [0x00000000d5f00000,0x00000000d5f00000,0x00000000da580000)
  from space 8704K, 60% used [0x00000000dae00000,0x00000000db31bf70,0x00000000db680000)
  to   space 8704K, 0% used [0x00000000da580000,0x00000000da580000,0x00000000dae00000)
 ParOldGen       total 54272K, used 8042K [0x0000000081c00000, 0x0000000085100000, 0x00000000d5f00000)
  object space 54272K, 14% used [0x0000000081c00000,0x00000000823da9e0,0x0000000085100000)
 Metaspace       used 24942K, capacity 25312K, committed 25472K, reserved 1071104K
  class space    used 3270K, capacity 3383K, committed 3456K, reserved 1048576K
}
Event: 7.678 GC heap before
{Heap before GC invocations=12 (full 1):
 PSYoungGen      total 80896K, used 77423K [0x00000000d5f00000, 0x00000000db680000, 0x0000000100000000)
  eden space 72192K, 100% used [0x00000000d5f00000,0x00000000da580000,0x00000000da580000)
  from space 8704K, 60% used [0x00000000dae00000,0x00000000db31bf70,0x00000000db680000)
  to   space 8704K, 0% used [0x00000000da580000,0x00000000da580000,0x00000000dae00000)
 ParOldGen       total 54272K, used 8042K [0x0000000081c00000, 0x0000000085100000, 0x00000000d5f00000)
  object space 54272K, 14% used [0x0000000081c00000,0x00000000823da9e0,0x0000000085100000)
 Metaspace       used 27127K, capacity 27548K, committed 27904K, reserved 1073152K
  class space    used 3599K, capacity 3713K, committed 3840K, reserved 1048576K
Event: 7.686 GC heap after
Heap after GC invocations=12 (full 1):
 PSYoungGen      total 80896K, used 4257K [0x00000000d5f00000, 0x00000000dce80000, 0x0000000100000000)
  eden space 72192K, 0% used [0x00000000d5f00000,0x00000000d5f00000,0x00000000da580000)
  from space 8704K, 48% used [0x00000000da580000,0x00000000da9a85e0,0x00000000dae00000)
  to   space 8192K, 0% used [0x00000000dc680000,0x00000000dc680000,0x00000000dce80000)
 ParOldGen       total 54272K, used 11189K [0x0000000081c00000, 0x0000000085100000, 0x00000000d5f00000)
  object space 54272K, 20% used [0x0000000081c00000,0x00000000826ed758,0x0000000085100000)
 Metaspace       used 27127K, capacity 27548K, committed 27904K, reserved 1073152K
  class space    used 3599K, capacity 3713K, committed 3840K, reserved 1048576K
}
Event: 8.245 GC heap before
{Heap before GC invocations=13 (full 1):
 PSYoungGen      total 80896K, used 76449K [0x00000000d5f00000, 0x00000000dce80000, 0x0000000100000000)
  eden space 72192K, 100% used [0x00000000d5f00000,0x00000000da580000,0x00000000da580000)
  from space 8704K, 48% used [0x00000000da580000,0x00000000da9a85e0,0x00000000dae00000)
  to   space 8192K, 0% used [0x00000000dc680000,0x00000000dc680000,0x00000000dce80000)
 ParOldGen       total 54272K, used 11189K [0x0000000081c00000, 0x0000000085100000, 0x00000000d5f00000)
  object space 54272K, 20% used [0x0000000081c00000,0x00000000826ed758,0x0000000085100000)
 Metaspace       used 29270K, capacity 29662K, committed 29952K, reserved 1075200K
  class space    used 3867K, capacity 3980K, committed 4096K, reserved 1048576K
Event: 8.251 GC heap after
Heap after GC invocations=13 (full 1):
 PSYoungGen      total 104960K, used 3628K [0x00000000d5f00000, 0x00000000dce00000, 0x0000000100000000)
  eden space 97280K, 0% used [0x00000000d5f00000,0x00000000d5f00000,0x00000000dbe00000)
  from space 7680K, 47% used [0x00000000dc680000,0x00000000dca0b208,0x00000000dce00000)
  to   space 8192K, 0% used [0x00000000dbe00000,0x00000000dbe00000,0x00000000dc600000)
 ParOldGen       total 54272K, used 13587K [0x0000000081c00000, 0x0000000085100000, 0x00000000d5f00000)
  object space 54272K, 25% used [0x0000000081c00000,0x0000000082944ea8,0x0000000085100000)
 Metaspace       used 29270K, capacity 29662K, committed 29952K, reserved 1075200K
  class space    used 3867K, capacity 3980K, committed 4096K, reserved 1048576K
}

